Generated at 2013-05-29 23:50:08 +0900
Net::HTTPServerException: windows_package[PuTTY version 0.60] (PuTTY::default line 9) had an error: Net::HTTPServerException: remote_file[c:/chef-repo/cache/putty-0.60-installer.exe] (dynamically defined) had an error: Net::HTTPServerException: 404 "Not Found"
C:/opscode/chef/embedded/lib/ruby/1.9.1/net/http.rb:2632:in `error!'
C:/opscode/chef/embedded/lib/ruby/gems/1.9.1/gems/chef-11.4.4/lib/chef/rest.rb:259:in `block in streaming_request'
C:/opscode/chef/embedded/lib/ruby/gems/1.9.1/gems/chef-11.4.4/lib/chef/rest.rb:280:in `retriable_rest_request'
C:/opscode/chef/embedded/lib/ruby/gems/1.9.1/gems/chef-11.4.4/lib/chef/rest.rb:236:in `streaming_request'
C:/opscode/chef/embedded/lib/ruby/gems/1.9.1/gems/chef-11.4.4/lib/chef/rest.rb:256:in `block (2 levels) in streaming_request'
C:/opscode/chef/embedded/lib/ruby/gems/1.9.1/gems/chef-11.4.4/lib/chef/rest.rb:333:in `follow_redirect'
C:/opscode/chef/embedded/lib/ruby/gems/1.9.1/gems/chef-11.4.4/lib/chef/rest.rb:256:in `block in streaming_request'
C:/opscode/chef/embedded/lib/ruby/gems/1.9.1/gems/chef-11.4.4/lib/chef/rest.rb:280:in `retriable_rest_request'
C:/opscode/chef/embedded/lib/ruby/gems/1.9.1/gems/chef-11.4.4/lib/chef/rest.rb:236:in `streaming_request'
C:/opscode/chef/embedded/lib/ruby/gems/1.9.1/gems/chef-11.4.4/lib/chef/provider/remote_file.rb:46:in `action_create'
C:/opscode/chef/embedded/lib/ruby/gems/1.9.1/gems/chef-11.4.4/lib/chef/provider.rb:114:in `run_action'
C:/opscode/chef/embedded/lib/ruby/gems/1.9.1/gems/chef-11.4.4/lib/chef/resource.rb:606:in `run_action'
c:/chef-repo/cookbooks/windows/libraries/helper.rb:76:in `cached_file'
c:/chef-repo/cookbooks/windows/providers/package.rb:121:in `install_package'
c:/chef-repo/cookbooks/windows/providers/package.rb:46:in `block in class_from_file'
C:/opscode/chef/embedded/lib/ruby/gems/1.9.1/gems/chef-11.4.4/lib/chef/provider/lwrp_base.rb:138:in `instance_eval'
C:/opscode/chef/embedded/lib/ruby/gems/1.9.1/gems/chef-11.4.4/lib/chef/provider/lwrp_base.rb:138:in `block in action'
C:/opscode/chef/embedded/lib/ruby/gems/1.9.1/gems/chef-11.4.4/lib/chef/provider.rb:118:in `run_action'
C:/opscode/chef/embedded/lib/ruby/gems/1.9.1/gems/chef-11.4.4/lib/chef/resource.rb:606:in `run_action'
C:/opscode/chef/embedded/lib/ruby/gems/1.9.1/gems/chef-11.4.4/lib/chef/runner.rb:50:in `run_action'
C:/opscode/chef/embedded/lib/ruby/gems/1.9.1/gems/chef-11.4.4/lib/chef/runner.rb:82:in `block (2 levels) in converge'
C:/opscode/chef/embedded/lib/ruby/gems/1.9.1/gems/chef-11.4.4/lib/chef/runner.rb:82:in `each'
C:/opscode/chef/embedded/lib/ruby/gems/1.9.1/gems/chef-11.4.4/lib/chef/runner.rb:82:in `block in converge'
C:/opscode/chef/embedded/lib/ruby/gems/1.9.1/gems/chef-11.4.4/lib/chef/resource_collection.rb:94:in `block in execute_each_resource'
C:/opscode/chef/embedded/lib/ruby/gems/1.9.1/gems/chef-11.4.4/lib/chef/resource_collection/stepable_iterator.rb:116:in `call'
C:/opscode/chef/embedded/lib/ruby/gems/1.9.1/gems/chef-11.4.4/lib/chef/resource_collection/stepable_iterator.rb:116:in `call_iterator_block'
C:/opscode/chef/embedded/lib/ruby/gems/1.9.1/gems/chef-11.4.4/lib/chef/resource_collection/stepable_iterator.rb:85:in `step'
C:/opscode/chef/embedded/lib/ruby/gems/1.9.1/gems/chef-11.4.4/lib/chef/resource_collection/stepable_iterator.rb:104:in `iterate'
C:/opscode/chef/embedded/lib/ruby/gems/1.9.1/gems/chef-11.4.4/lib/chef/resource_collection/stepable_iterator.rb:55:in `each_with_index'
C:/opscode/chef/embedded/lib/ruby/gems/1.9.1/gems/chef-11.4.4/lib/chef/resource_collection.rb:92:in `execute_each_resource'
C:/opscode/chef/embedded/lib/ruby/gems/1.9.1/gems/chef-11.4.4/lib/chef/runner.rb:81:in `converge'
C:/opscode/chef/embedded/lib/ruby/gems/1.9.1/gems/chef-11.4.4/lib/chef/client.rb:404:in `converge'
C:/opscode/chef/embedded/lib/ruby/gems/1.9.1/gems/chef-11.4.4/lib/chef/client.rb:469:in `do_run'
C:/opscode/chef/embedded/lib/ruby/gems/1.9.1/gems/chef-11.4.4/lib/chef/client.rb:200:in `run'
C:/opscode/chef/embedded/lib/ruby/gems/1.9.1/gems/chef-11.4.4/lib/chef/application.rb:190:in `run_chef_client'
C:/opscode/chef/embedded/lib/ruby/gems/1.9.1/gems/chef-11.4.4/lib/chef/application/solo.rb:239:in `block in run_application'
C:/opscode/chef/embedded/lib/ruby/gems/1.9.1/gems/chef-11.4.4/lib/chef/application/solo.rb:231:in `loop'
C:/opscode/chef/embedded/lib/ruby/gems/1.9.1/gems/chef-11.4.4/lib/chef/application/solo.rb:231:in `run_application'
C:/opscode/chef/embedded/lib/ruby/gems/1.9.1/gems/chef-11.4.4/lib/chef/application.rb:73:in `run'
C:/opscode/chef/embedded/lib/ruby/gems/1.9.1/gems/chef-11.4.4/bin/chef-solo:25:in `<top (required)>'
C:/opscode/chef/bin/chef-solo:23:in `load'
C:/opscode/chef/bin/chef-solo:23:in `<main>'